0 info it worked if it ends with ok
1 verbose cli [ '/Users/colinmoore-hill/.nvm/versions/node/v6.9.1/bin/node',
1 verbose cli   '/Users/colinmoore-hill/.nvm/versions/node/v6.9.1/bin/npm',
1 verbose cli   'run',
1 verbose cli   'ionic:build',
1 verbose cli   '--' ]
2 info using npm@3.10.10
3 info using node@v6.9.1
4 verbose run-script [ 'preionic:build', 'ionic:build', 'postionic:build' ]
5 info lifecycle ionic-conference-app@~preionic:build: ionic-conference-app@
6 silly lifecycle ionic-conference-app@~preionic:build: no script for preionic:build, continuing
7 info lifecycle ionic-conference-app@~ionic:build: ionic-conference-app@
8 verbose lifecycle ionic-conference-app@~ionic:build: unsafe-perm in lifecycle true
9 verbose lifecycle ionic-conference-app@~ionic:build: PATH: /Users/colinmoore-hill/.nvm/versions/node/v6.9.1/lib/node_modules/npm/bin/node-gyp-bin:/Users/colinmoore-hill/WS/CivcReactor/CivicMobileApp/node_modules/.bin:/Library/Frameworks/Python.framework/Versions/3.5/bin:/Users/colinmoore-hill/.nvm/versions/node/v6.9.1/bin:/Library/Frameworks/Python.framework/Versions/2.7/bin:/Library/Frameworks/Python.framework/Versions/3.5/bin:/usr/local/bin:/usr/bin:/Users/colinmoore-hill/Dev/javaTools/apache-maven-3.1.1/bin:/bin:/usr/sbin:/sbin:/usr/local/bin:/opt/X11/bin:/usr/local/git/bin:/Users/colinmoore-hill/devTools/PhoneGap/AndroidSDK/sdk:/Users/colinmoore-hill/devTools/PhoneGap/AndroidSDK/sdk/platform-tools:/Users/colinmoore-hill/devTools/PhoneGap/AndroidSDK/sdk/tools:/Users/colinmoore-hill/devTools/apache-ant-1.9.3/bin:/Users/colinmoore-hill/devTools/apache-servicemix-4.5.2/bin
10 verbose lifecycle ionic-conference-app@~ionic:build: CWD: /Users/colinmoore-hill/WS/CivcReactor/CivicMobileApp
11 silly lifecycle ionic-conference-app@~ionic:build: Args: [ '-c', 'ionic-app-scripts build' ]
12 silly lifecycle ionic-conference-app@~ionic:build: Returned: code: 1  signal: null
13 info lifecycle ionic-conference-app@~ionic:build: Failed to exec ionic:build script
14 verbose stack Error: ionic-conference-app@ ionic:build: `ionic-app-scripts build`
14 verbose stack Exit status 1
14 verbose stack     at EventEmitter.<anonymous> (/Users/colinmoore-hill/.nvm/versions/node/v6.9.1/lib/node_modules/npm/lib/utils/lifecycle.js:255:16)
14 verbose stack     at emitTwo (events.js:106:13)
14 verbose stack     at EventEmitter.emit (events.js:191:7)
14 verbose stack     at ChildProcess.<anonymous> (/Users/colinmoore-hill/.nvm/versions/node/v6.9.1/lib/node_modules/npm/lib/utils/spawn.js:40:14)
14 verbose stack     at emitTwo (events.js:106:13)
14 verbose stack     at ChildProcess.emit (events.js:191:7)
14 verbose stack     at maybeClose (internal/child_process.js:877:16)
14 verbose stack     at Process.ChildProcess._handle.onexit (internal/child_process.js:226:5)
15 verbose pkgid ionic-conference-app@
16 verbose cwd /Users/colinmoore-hill/WS/CivcReactor/CivicMobileApp
17 error Darwin 16.1.0
18 error argv "/Users/colinmoore-hill/.nvm/versions/node/v6.9.1/bin/node" "/Users/colinmoore-hill/.nvm/versions/node/v6.9.1/bin/npm" "run" "ionic:build" "--"
19 error node v6.9.1
20 error npm  v3.10.10
21 error code ELIFECYCLE
22 error ionic-conference-app@ ionic:build: `ionic-app-scripts build`
22 error Exit status 1
23 error Failed at the ionic-conference-app@ ionic:build script 'ionic-app-scripts build'.
23 error Make sure you have the latest version of node.js and npm installed.
23 error If you do, this is most likely a problem with the ionic-conference-app package,
23 error not with npm itself.
23 error Tell the author that this fails on your system:
23 error     ionic-app-scripts build
23 error You can get information on how to open an issue for this project with:
23 error     npm bugs ionic-conference-app
23 error Or if that isn't available, you can get their info via:
23 error     npm owner ls ionic-conference-app
23 error There is likely additional logging output above.
24 verbose exit [ 1, true ]
